#
# A fatal error has been detected by the Java Runtime Environment:
#
#  EXCEPTION_ACCESS_VIOLATION (0xc0000005) at pc=0x00007ffa5ba200bf, pid=6868, tid=1304
#
# JRE version: OpenJDK Runtime Environment Microsoft-8552009 (17.0.9+8) (build 17.0.9+8-LTS)
# Java VM: OpenJDK 64-Bit Server VM Microsoft-8552009 (17.0.9+8-LTS, mixed mode, sharing, tiered, compressed oops, compressed class ptrs, g1 gc, windows-amd64)
# Problematic frame:
# V  [jvm.dll+0x1c00bf]
#
# No core dump will be written. Minidumps are not enabled by default on client versions of Windows
#
# If you would like to submit a bug report, please visit:
#   https://github.com/microsoft/openjdk/issues
#

---------------  S U M M A R Y ------------

Command Line: -Xmx64m -Xms64m -Dorg.gradle.appname=gradlew org.gradle.wrapper.GradleWrapperMain app:installDebug -PreactNativeDevServerPort=8081

Host: AMD A9-9425 RADEON R5, 5 COMPUTE CORES 2C+3G   , 2 cores, 7G,  Windows 10 , 64 bit Build 16299 (10.0.16299.1087)
Time: Fri Feb 16 14:36:50 2024 China Standard Time elapsed time: 4.737508 seconds (0d 0h 0m 4s)

---------------  T H R E A D  ---------------

Current thread (0x000001364cb38d40):  JavaThread "C2 CompilerThread0" daemon [_thread_in_native, id=1304, stack(0x000000347ea00000,0x000000347eb00000)]


Current CompileTask:
C2:   4737 1331       4       java.lang.String::replace (42 bytes)

Stack: [0x000000347ea00000,0x000000347eb00000],  sp=0x000000347eafbd00,  free space=1007k
Native frames: (J=compiled Java code, j=interpreted, Vv=VM code, C=native code)
V  [jvm.dll+0x1c00bf]
V  [jvm.dll+0x1bd86c]
V  [jvm.dll+0x21a869]
V  [jvm.dll+0x219b31]
V  [jvm.dll+0x1a5816]
V  [jvm.dll+0x22988e]
V  [jvm.dll+0x227a5c]
V  [jvm.dll+0x7ebfa7]
V  [jvm.dll+0x7e636a]
V  [jvm.dll+0x67df75]
C  [ucrtbase.dll+0x1fa95]
C  [KERNEL32.DLL+0x137e4]
C  [ntdll.dll+0x6cb81]


siginfo: EXCEPTION_ACCESS_VIOLATION (0xc0000005), reading address 0xffffffffffffffff


Registers:
RAX=0x0000013692af4470, RBX=0x0000000000000004, RCX=0xbec8980000013693, RDX=0x0000000000000000
RSP=0x000000347eafbd00, RBP=0x000001369308a060, RSI=0x000000347eafc1f0, RDI=0x00007ffa5b860000
R8 =0x00000000ffffffff, R9 =0x0000000000000001, R10=0x0000000000000000, R11=0x3333333333333333
R12=0x0000000000000002, R13=0x0000000000000010, R14=0x0000013692bec5c0, R15=0x00007ffa5c3762e0
RIP=0x00007ffa5ba200bf, EFLAGS=0x0000000000010293


Register to memory mapping:

RIP=0x00007ffa5ba200bf jvm.dll
RAX=0x0000013692af4470 points into unknown readable memory: 0x0000000000000000 | 00 00 00 00 00 00 00 00
RBX=0x0000000000000004 is an unknown value
RCX=0xbec8980000013693 is an unknown value
RDX=0x0 is NULL
RSP=0x000000347eafbd00 is pointing into the stack for thread: 0x000001364cb38d40
RBP=0x000001369308a060 points into unknown readable memory: 0x00007ffa5c17e530 | 30 e5 17 5c fa 7f 00 00
RSI=0x000000347eafc1f0 is pointing into the stack for thread: 0x000001364cb38d40
RDI=0x00007ffa5b860000 jvm.dll
R8 =0x00000000ffffffff is pointing into object: [I 
{0x00000000fffff850} - klass: {type array int}
 - length: 488
R9 =0x0000000000000001 is an unknown value
R10=0x0 is NULL
R11=0x3333333333333333 is an unknown value
R12=0x0000000000000002 is an unknown value
R13=0x0000000000000010 is an unknown value
R14=0x0000013692bec5c0 points into unknown readable memory: 0x00007ffa5c1165c8 | c8 65 11 5c fa 7f 00 00
R15=0x00007ffa5c3762e0 jvm.dll


Top of Stack: (sp=0x000000347eafbd00)
0x000000347eafbd00:   0000013692d4c8a0 0000013692bec898
0x000000347eafbd10:   000000000000016d 000001369308a060
0x000000347eafbd20:   0000006600000008 00007ffa00000004
0x000000347eafbd30:   000001369308a060 000000347eafbdd0
0x000000347eafbd40:   0000000000000000 0000000000000000
0x000000347eafbd50:   0000000000016f20 0000013692079670
0x000000347eafbd60:   00000000000003d8 0000013692079a58
0x000000347eafbd70:   0000013692079680 000000347eafbea0
0x000000347eafbd80:   0000000000000000 000000347eafc2d0
0x000000347eafbd90:   000000347eafc1f0 00007ffa5ba1d86c
0x000000347eafbda0:   000000347eafc1f0 000000347eafbe01
0x000000347eafbdb0:   000000347eafc201 00000000ffffffff
0x000000347eafbdc0:   0000000000000000 000000347eafbf10
0x000000347eafbdd0:   0000003400000006 0000013692079670
0x000000347eafbde0:   0000013692d469b0 0000013692d5d990
0x000000347eafbdf0:   0000013692d5d990 000000000002c208
0x000000347eafbe00:   00000136931e0000 0000000000000000
0x000000347eafbe10:   000001364cb2ad90 0000000000000000
0x000000347eafbe20:   0000000000000000 00007ffa5c192e38
0x000000347eafbe30:   0000000000000000 0000000000000000
0x000000347eafbe40:   0000000000000000 00007ffa5c192e38
0x000000347eafbe50:   00000136931f3700 000001364cb2ad90
0x000000347eafbe60:   000002b30000000c 000000347eafeb50
0x000000347eafbe70:   000001369324b730 000000015bb95100
0x000000347eafbe80:   0000013692d469c0 0000000000000217
0x000000347eafbe90:   000000347eafbdd0 0000013692079680
0x000000347eafbea0:   00007ffa5c192e08 000000000000000d
0x000000347eafbeb0:   000000347eafeb50 000000347eafc1f0
0x000000347eafbec0:   00000034000002bd 0000000000000000
0x000000347eafbed0:   00007ffa0000000a 000000347eafeb50
0x000000347eafbee0:   0000013692295b40 0000000000000000
0x000000347eafbef0:   0000013692af4090 0000013692af9310 

Instructions: (pc=0x00007ffa5ba200bf)
0x00007ffa5ba1ffbf:   ab a4 00 00 00 66 89 83 9c 00 00 00 eb 64 b8 08
0x00007ffa5ba1ffcf:   00 00 00 66 44 89 ab a4 00 00 00 66 89 83 9c 00
0x00007ffa5ba1ffdf:   00 00 eb 4e b8 10 00 00 00 66 44 89 ab a4 00 00
0x00007ffa5ba1ffef:   00 66 89 83 9c 00 00 00 eb 38 49 8b cf e8 bf e9
0x00007ffa5ba1ffff:   50 00 81 8b a8 00 00 00 40 02 00 00 66 89 83 9c
0x00007ffa5ba2000f:   00 00 00 66 89 83 a4 00 00 00 eb 16 ba cf 03 00
0x00007ffa5ba2001f:   00 48 8d 0d 39 2f 77 00 e8 14 7e 08 00 e8 5f eb
0x00007ffa5ba2002f:   4b 00 48 8b 6c 24 30 48 8b b4 24 a0 00 00 00 44
0x00007ffa5ba2003f:   0f b6 8c 24 a8 00 00 00 41 b8 ff ff ff ff 41 8b
0x00007ffa5ba2004f:   5e 18 89 5c 24 28 44 89 84 24 b8 00 00 00 45 84
0x00007ffa5ba2005f:   c9 74 38 49 8b 06 49 8b ce ff 90 b0 00 00 00 89
0x00007ffa5ba2006f:   84 24 b8 00 00 00 44 8b c0 83 f8 ff 74 14 8b d0
0x00007ffa5ba2007f:   49 8b ce e8 69 f4 3d 00 44 8b c0 89 84 24 b8 00
0x00007ffa5ba2008f:   00 00 44 0f b6 8c 24 a8 00 00 00 44 3b e3 0f 83
0x00007ffa5ba2009f:   1b 02 00 00 41 8b c4 4c 8d 2c c5 00 00 00 00 66
0x00007ffa5ba200af:   90 49 8b 46 08 4a 8b 0c 28 48 8b 86 08 01 00 00
0x00007ffa5ba200bf:   48 63 51 28 8b 1c 90 85 db 0f 84 c7 01 00 00 45
0x00007ffa5ba200cf:   84 c9 74 11 45 3b c4 75 0c 49 8b 06 49 8b ce ff
0x00007ffa5ba200df:   90 e0 00 00 00 80 bc 24 b0 00 00 00 00 74 13 80
0x00007ffa5ba200ef:   be 18 01 00 00 00 74 0a 45 3b 66 3c 0f 83 94 01
0x00007ffa5ba200ff:   00 00 48 8b 46 70 41 8b d4 48 69 fb b0 00 00 00
0x00007ffa5ba2010f:   49 8b ce 48 03 78 20 49 8b 06 ff 90 80 00 00 00
0x00007ffa5ba2011f:   80 bc 24 a8 00 00 00 00 4c 8b f8 75 2c 49 8b 4e
0x00007ffa5ba2012f:   08 f2 0f 10 4d 08 f2 0f 59 ce 4a 8b 14 29 48 8b
0x00007ffa5ba2013f:   4e 48 44 8b 42 28 48 8b 51 78 4a 8b 0c c2 f2 0f
0x00007ffa5ba2014f:   10 41 08 66 0f 2f c1 77 57 8b 97 90 00 00 00 8b
0x00007ffa5ba2015f:   87 94 00 00 00 3b d0 77 25 0f 1f 84 00 00 00 00
0x00007ffa5ba2016f:   00 8b ca ff c2 49 8b 04 cf 48 21 44 cf 38 8b 87
0x00007ffa5ba2017f:   94 00 00 00 3b d0 76 e9 8b 97 90 00 00 00 41 8b
0x00007ffa5ba2018f:   4f 58 3b d1 73 0c 8b 87 94 00 00 00 89 8f 90 00
0x00007ffa5ba2019f:   00 00 41 8b 4f 5c 3b c1 76 06 89 8f 94 00 00 00
0x00007ffa5ba201af:   49 8b 46 08 4a 8b 0c 28 48 8b 01 ff 50 68 8b c8 


Stack slot to memory mapping:
stack at sp + 0 slots: 0x0000013692d4c8a0 points into unknown readable memory: 0x0000000000000000 | 00 00 00 00 00 00 00 00
stack at sp + 1 slots: 0x0000013692bec898 points into unknown readable memory: 0x00007ffa5c13ced0 | d0 ce 13 5c fa 7f 00 00
stack at sp + 2 slots: 0x000000000000016d is an unknown value
stack at sp + 3 slots: 0x000001369308a060 points into unknown readable memory: 0x00007ffa5c17e530 | 30 e5 17 5c fa 7f 00 00
stack at sp + 4 slots: 0x0000006600000008 is an unknown value
stack at sp + 5 slots: 0x00007ffa00000004 is an unknown value
stack at sp + 6 slots: 0x000001369308a060 points into unknown readable memory: 0x00007ffa5c17e530 | 30 e5 17 5c fa 7f 00 00
stack at sp + 7 slots: 0x000000347eafbdd0 is pointing into the stack for thread: 0x000001364cb38d40


---------------  P R O C E S S  ---------------

Threads class SMR info:
_java_thread_list=0x00000136929880c0, length=13, elements={
0x0000013633e014d0, 0x000001364cb196d0, 0x000001364cb1b020, 0x000001364cb32780,
0x000001364cb35320, 0x000001364cb377c0, 0x000001364cb38090, 0x000001364cb38d40,
0x000001364cb4aeb0, 0x000001364cb647a0, 0x000001369204bf90, 0x0000013692055900,
0x0000013692b360f0
}

Java Threads: ( => current thread )
  0x0000013633e014d0 JavaThread "main" [_thread_in_vm, id=8184, stack(0x000000347dd00000,0x000000347de00000)]
  0x000001364cb196d0 JavaThread "Reference Handler" daemon [_thread_blocked, id=9776, stack(0x000000347e400000,0x000000347e500000)]
  0x000001364cb1b020 JavaThread "Finalizer" daemon [_thread_blocked, id=1588, stack(0x000000347e500000,0x000000347e600000)]
  0x000001364cb32780 JavaThread "Signal Dispatcher" daemon [_thread_blocked, id=1720, stack(0x000000347e600000,0x000000347e700000)]
  0x000001364cb35320 JavaThread "Attach Listener" daemon [_thread_blocked, id=1900, stack(0x000000347e700000,0x000000347e800000)]
  0x000001364cb377c0 JavaThread "Service Thread" daemon [_thread_blocked, id=2020, stack(0x000000347e800000,0x000000347e900000)]
  0x000001364cb38090 JavaThread "Monitor Deflation Thread" daemon [_thread_blocked, id=8740, stack(0x000000347e900000,0x000000347ea00000)]
=>0x000001364cb38d40 JavaThread "C2 CompilerThread0" daemon [_thread_in_native, id=1304, stack(0x000000347ea00000,0x000000347eb00000)]
  0x000001364cb4aeb0 JavaThread "C1 CompilerThread0" daemon [_thread_blocked, id=1168, stack(0x000000347eb00000,0x000000347ec00000)]
  0x000001364cb647a0 JavaThread "Sweeper thread" daemon [_thread_blocked, id=10060, stack(0x000000347ec00000,0x000000347ed00000)]
  0x000001369204bf90 JavaThread "Notification Thread" daemon [_thread_blocked, id=10084, stack(0x000000347ed00000,0x000000347ee00000)]
  0x0000013692055900 JavaThread "Common-Cleaner" daemon [_thread_blocked, id=1292, stack(0x000000347ef00000,0x000000347f000000)]
  0x0000013692b360f0 JavaThread "pool-1-thread-1" [_thread_blocked, id=1460, stack(0x000000347f100000,0x000000347f200000)]

Other Threads:
  0x0000013633ebeaa0 VMThread "VM Thread" [stack: 0x000000347e300000,0x000000347e400000] [id=700]
  0x000001369204e480 WatcherThread [stack: 0x000000347ee00000,0x000000347ef00000] [id=3980]
  0x0000013633e23470 GCTaskThread "GC Thread#0" [stack: 0x000000347de00000,0x000000347df00000] [id=7740]
  0x00000136922f9320 GCTaskThread "GC Thread#1" [stack: 0x000000347f000000,0x000000347f100000] [id=4016]
  0x0000013633e25ae0 ConcurrentGCThread "G1 Main Marker" [stack: 0x000000347df00000,0x000000347e000000] [id=7436]
  0x0000013633e26410 ConcurrentGCThread "G1 Conc#0" [stack: 0x000000347e000000,0x000000347e100000] [id=3284]
  0x0000013633e6a440 ConcurrentGCThread "G1 Refine#0" [stack: 0x000000347e100000,0x000000347e200000] [id=1232]
  0x0000013633e6ad80 ConcurrentGCThread "G1 Service" [stack: 0x000000347e200000,0x000000347e300000] [id=3260]

Threads with active compile tasks:
C2 CompilerThread0     4813 1331       4       java.lang.String::replace (42 bytes)

VM state: not at safepoint (normal execution)

VM Mutex/Monitor currently owned by a thread:  ([mutex/lock_event])
[0x0000013633dfe770] MethodCompileQueue_lock - owner thread: 0x0000013633e014d0

Heap address: 0x00000000fc000000, size: 64 MB, Compressed Oops mode: 32-bit

CDS archive(s) mapped at: [0x000001364d000000-0x000001364dba0000-0x000001364dba0000), size 12189696, SharedBaseAddress: 0x000001364d000000, ArchiveRelocationMode: 1.
Compressed class space mapped at: 0x000001364e000000-0x000001368e000000, reserved size: 1073741824
Narrow klass base: 0x000001364d000000, Narrow klass shift: 0, Narrow klass range: 0x100000000

GC Precious Log:
 CPUs: 2 total, 2 available
 Memory: 7632M
 Large Page Support: Disabled
 NUMA Support: Disabled
 Compressed Oops: Enabled (32-bit)
 Heap Region Size: 1M
 Heap Min Capacity: 64M
 Heap Initial Capacity: 64M
 Heap Max Capacity: 64M
 Pre-touch: Disabled
 Parallel Workers: 2
 Concurrent Workers: 1
 Concurrent Refinement Workers: 2
 Periodic GC: Disabled

Heap:
 garbage-first heap   total 65536K, used 15452K [0x00000000fc000000, 0x0000000100000000)
  region size 1024K, 6 young (6144K), 2 survivors (2048K)
 Metaspace       used 8071K, committed 8256K, reserved 1114112K
  class space    used 1064K, committed 1152K, reserved 1048576K

Heap Regions: E=young(eden), S=young(survivor), O=old, HS=humongous(starts), HC=humongous(continues), CS=collection set, F=free, OA=open archive, CA=closed archive, TAMS=top-at-mark-start (previous, next)
|   0|0x00000000fc000000, 0x00000000fc100000, 0x00000000fc100000|100%| O|  |TAMS 0x00000000fc000000, 0x00000000fc000000| Untracked 
|   1|0x00000000fc100000, 0x00000000fc200000, 0x00000000fc200000|100%| O|  |TAMS 0x00000000fc100000, 0x00000000fc100000| Untracked 
|   2|0x00000000fc200000, 0x00000000fc300000, 0x00000000fc300000|100%|HS|  |TAMS 0x00000000fc200000, 0x00000000fc200000| Complete 
|   3|0x00000000fc300000, 0x00000000fc400000, 0x00000000fc400000|100%|HC|  |TAMS 0x00000000fc300000, 0x00000000fc300000| Complete 
|   4|0x00000000fc400000, 0x00000000fc500000, 0x00000000fc500000|100%|HC|  |TAMS 0x00000000fc400000, 0x00000000fc400000| Complete 
|   5|0x00000000fc500000, 0x00000000fc600000, 0x00000000fc600000|100%|HC|  |TAMS 0x00000000fc500000, 0x00000000fc500000| Complete 
|   6|0x00000000fc600000, 0x00000000fc700000, 0x00000000fc700000|100%| O|  |TAMS 0x00000000fc600000, 0x00000000fc600000| Untracked 
|   7|0x00000000fc700000, 0x00000000fc800000, 0x00000000fc800000|100%| O|  |TAMS 0x00000000fc700000, 0x00000000fc700000| Untracked 
|   8|0x00000000fc800000, 0x00000000fc900000, 0x00000000fc900000|100%| O|  |TAMS 0x00000000fc800000, 0x00000000fc800000| Untracked 
|   9|0x00000000fc900000, 0x00000000fca00000, 0x00000000fca00000|100%| O|  |TAMS 0x00000000fc900000, 0x00000000fc900000| Untracked 
|  10|0x00000000fca00000, 0x00000000fca9a200, 0x00000000fcb00000| 60%| O|  |TAMS 0x00000000fca00000, 0x00000000fca00000| Untracked 
|  11|0x00000000fcb00000, 0x00000000fcb00000, 0x00000000fcc00000|  0%| F|  |TAMS 0x00000000fcb00000, 0x00000000fcb00000| Untracked 
|  12|0x00000000fcc00000, 0x00000000fcc00000, 0x00000000fcd00000|  0%| F|  |TAMS 0x00000000fcc00000, 0x00000000fcc00000| Untracked 
|  13|0x00000000fcd00000, 0x00000000fcd00000, 0x00000000fce00000|  0%| F|  |TAMS 0x00000000fcd00000, 0x00000000fcd00000| Untracked 
|  14|0x00000000fce00000, 0x00000000fce00000, 0x00000000fcf00000|  0%| F|  |TAMS 0x00000000fce00000, 0x00000000fce00000| Untracked 
|  15|0x00000000fcf00000, 0x00000000fcf00000, 0x00000000fd000000|  0%| F|  |TAMS 0x00000000fcf00000, 0x00000000fcf00000| Untracked 
|  16|0x00000000fd000000, 0x00000000fd000000, 0x00000000fd100000|  0%| F|  |TAMS 0x00000000fd000000, 0x00000000fd000000| Untracked 
|  17|0x00000000fd100000, 0x00000000fd100000, 0x00000000fd200000|  0%| F|  |TAMS 0x00000000fd100000, 0x00000000fd100000| Untracked 
|  18|0x00000000fd200000, 0x00000000fd200000, 0x00000000fd300000|  0%| F|  |TAMS 0x00000000fd200000, 0x00000000fd200000| Untracked 
|  19|0x00000000fd300000, 0x00000000fd300000, 0x00000000fd400000|  0%| F|  |TAMS 0x00000000fd300000, 0x00000000fd300000| Untracked 
|  20|0x00000000fd400000, 0x00000000fd400000, 0x00000000fd500000|  0%| F|  |TAMS 0x00000000fd400000, 0x00000000fd400000| Untracked 
|  21|0x00000000fd500000, 0x00000000fd500000, 0x00000000fd600000|  0%| F|  |TAMS 0x00000000fd500000, 0x00000000fd500000| Untracked 
|  22|0x00000000fd600000, 0x00000000fd600000, 0x00000000fd700000|  0%| F|  |TAMS 0x00000000fd600000, 0x00000000fd600000| Untracked 
|  23|0x00000000fd700000, 0x00000000fd700000, 0x00000000fd800000|  0%| F|  |TAMS 0x00000000fd700000, 0x00000000fd700000| Untracked 
|  24|0x00000000fd800000, 0x00000000fd800000, 0x00000000fd900000|  0%| F|  |TAMS 0x00000000fd800000, 0x00000000fd800000| Untracked 
|  25|0x00000000fd900000, 0x00000000fd900000, 0x00000000fda00000|  0%| F|  |TAMS 0x00000000fd900000, 0x00000000fd900000| Untracked 
|  26|0x00000000fda00000, 0x00000000fda00000, 0x00000000fdb00000|  0%| F|  |TAMS 0x00000000fda00000, 0x00000000fda00000| Untracked 
|  27|0x00000000fdb00000, 0x00000000fdb00000, 0x00000000fdc00000|  0%| F|  |TAMS 0x00000000fdb00000, 0x00000000fdb00000| Untracked 
|  28|0x00000000fdc00000, 0x00000000fdc00000, 0x00000000fdd00000|  0%| F|  |TAMS 0x00000000fdc00000, 0x00000000fdc00000| Untracked 
|  29|0x00000000fdd00000, 0x00000000fdd00000, 0x00000000fde00000|  0%| F|  |TAMS 0x00000000fdd00000, 0x00000000fdd00000| Untracked 
|  30|0x00000000fde00000, 0x00000000fde00000, 0x00000000fdf00000|  0%| F|  |TAMS 0x00000000fde00000, 0x00000000fde00000| Untracked 
|  31|0x00000000fdf00000, 0x00000000fdf00000, 0x00000000fe000000|  0%| F|  |TAMS 0x00000000fdf00000, 0x00000000fdf00000| Untracked 
|  32|0x00000000fe000000, 0x00000000fe000000, 0x00000000fe100000|  0%| F|  |TAMS 0x00000000fe000000, 0x00000000fe000000| Untracked 
|  33|0x00000000fe100000, 0x00000000fe100000, 0x00000000fe200000|  0%| F|  |TAMS 0x00000000fe100000, 0x00000000fe100000| Untracked 
|  34|0x00000000fe200000, 0x00000000fe200000, 0x00000000fe300000|  0%| F|  |TAMS 0x00000000fe200000, 0x00000000fe200000| Untracked 
|  35|0x00000000fe300000, 0x00000000fe300000, 0x00000000fe400000|  0%| F|  |TAMS 0x00000000fe300000, 0x00000000fe300000| Untracked 
|  36|0x00000000fe400000, 0x00000000fe400000, 0x00000000fe500000|  0%| F|  |TAMS 0x00000000fe400000, 0x00000000fe400000| Untracked 
|  37|0x00000000fe500000, 0x00000000fe500000, 0x00000000fe600000|  0%| F|  |TAMS 0x00000000fe500000, 0x00000000fe500000| Untracked 
|  38|0x00000000fe600000, 0x00000000fe600000, 0x00000000fe700000|  0%| F|  |TAMS 0x00000000fe600000, 0x00000000fe600000| Untracked 
|  39|0x00000000fe700000, 0x00000000fe700000, 0x00000000fe800000|  0%| F|  |TAMS 0x00000000fe700000, 0x00000000fe700000| Untracked 
|  40|0x00000000fe800000, 0x00000000fe800000, 0x00000000fe900000|  0%| F|  |TAMS 0x00000000fe800000, 0x00000000fe800000| Untracked 
|  41|0x00000000fe900000, 0x00000000fe900000, 0x00000000fea00000|  0%| F|  |TAMS 0x00000000fe900000, 0x00000000fe900000| Untracked 
|  42|0x00000000fea00000, 0x00000000fea00000, 0x00000000feb00000|  0%| F|  |TAMS 0x00000000fea00000, 0x00000000fea00000| Untracked 
|  43|0x00000000feb00000, 0x00000000feb00000, 0x00000000fec00000|  0%| F|  |TAMS 0x00000000feb00000, 0x00000000feb00000| Untracked 
|  44|0x00000000fec00000, 0x00000000fec00000, 0x00000000fed00000|  0%| F|  |TAMS 0x00000000fec00000, 0x00000000fec00000| Untracked 
|  45|0x00000000fed00000, 0x00000000fed00000, 0x00000000fee00000|  0%| F|  |TAMS 0x00000000fed00000, 0x00000000fed00000| Untracked 
|  46|0x00000000fee00000, 0x00000000fee7cf68, 0x00000000fef00000| 48%| S|CS|TAMS 0x00000000fee00000, 0x00000000fee00000| Complete 
|  47|0x00000000fef00000, 0x00000000ff000000, 0x00000000ff000000|100%| S|CS|TAMS 0x00000000fef00000, 0x00000000fef00000| Complete 
|  48|0x00000000ff000000, 0x00000000ff000000, 0x00000000ff100000|  0%| F|  |TAMS 0x00000000ff000000, 0x00000000ff000000| Untracked 
|  49|0x00000000ff100000, 0x00000000ff100000, 0x00000000ff200000|  0%| F|  |TAMS 0x00000000ff100000, 0x00000000ff100000| Untracked 
|  50|0x00000000ff200000, 0x00000000ff200000, 0x00000000ff300000|  0%| F|  |TAMS 0x00000000ff200000, 0x00000000ff200000| Untracked 
|  51|0x00000000ff300000, 0x00000000ff300000, 0x00000000ff400000|  0%| F|  |TAMS 0x00000000ff300000, 0x00000000ff300000| Untracked 
|  52|0x00000000ff400000, 0x00000000ff400000, 0x00000000ff500000|  0%| F|  |TAMS 0x00000000ff400000, 0x00000000ff400000| Untracked 
|  53|0x00000000ff500000, 0x00000000ff500000, 0x00000000ff600000|  0%| F|  |TAMS 0x00000000ff500000, 0x00000000ff500000| Untracked 
|  54|0x00000000ff600000, 0x00000000ff600000, 0x00000000ff700000|  0%| F|  |TAMS 0x00000000ff600000, 0x00000000ff600000| Untracked 
|  55|0x00000000ff700000, 0x00000000ff700000, 0x00000000ff800000|  0%| F|  |TAMS 0x00000000ff700000, 0x00000000ff700000| Untracked 
|  56|0x00000000ff800000, 0x00000000ff800000, 0x00000000ff900000|  0%| F|  |TAMS 0x00000000ff800000, 0x00000000ff800000| Untracked 
|  57|0x00000000ff900000, 0x00000000ff900000, 0x00000000ffa00000|  0%| F|  |TAMS 0x00000000ff900000, 0x00000000ff900000| Untracked 
|  58|0x00000000ffa00000, 0x00000000ffa00000, 0x00000000ffb00000|  0%| F|  |TAMS 0x00000000ffa00000, 0x00000000ffa00000| Untracked 
|  59|0x00000000ffb00000, 0x00000000ffb00000, 0x00000000ffc00000|  0%| F|  |TAMS 0x00000000ffb00000, 0x00000000ffb00000| Untracked 
|  60|0x00000000ffc00000, 0x00000000ffcff028, 0x00000000ffd00000| 99%| E|  |TAMS 0x00000000ffc00000, 0x00000000ffc00000| Complete 
|  61|0x00000000ffd00000, 0x00000000ffe00000, 0x00000000ffe00000|100%| E|CS|TAMS 0x00000000ffd00000, 0x00000000ffd00000| Complete 
|  62|0x00000000ffe00000, 0x00000000fff00000, 0x00000000fff00000|100%| E|CS|TAMS 0x00000000ffe00000, 0x00000000ffe00000| Complete 
|  63|0x00000000fff00000, 0x0000000100000000, 0x0000000100000000|100%| E|CS|TAMS 0x00000000fff00000, 0x00000000fff00000| Complete 

Card table byte_map: [0x0000013631cf0000,0x0000013631d10000] _byte_map_base: 0x0000013631510000

Marking Bits (Prev, Next): (CMBitMap*) 0x0000013633e249b0, (CMBitMap*) 0x0000013633e249f0
 Prev Bits: [0x00000136339e0000, 0x0000013633ae0000)
 Next Bits: [0x0000013633ae0000, 0x0000013633be0000)

Polling page: 0x0000013631c90000

Metaspace:

Usage:
  Non-class:      6.84 MB used.
      Class:      1.04 MB used.
       Both:      7.88 MB used.

Virtual space:
  Non-class space:       64.00 MB reserved,       6.94 MB ( 11%) committed,  1 nodes.
      Class space:        1.00 GB reserved,       1.13 MB ( <1%) committed,  1 nodes.
             Both:        1.06 GB reserved,       8.06 MB ( <1%) committed. 

Chunk freelists:
   Non-Class:  8.50 MB
       Class:  14.70 MB
        Both:  23.20 MB

MaxMetaspaceSize: unlimited
CompressedClassSpaceSize: 1.00 GB
Initial GC threshold: 21.00 MB
Current GC threshold: 21.00 MB
CDS: on
MetaspaceReclaimPolicy: balanced
 - commit_granule_bytes: 65536.
 - commit_granule_words: 8192.
 - virtual_space_node_default_size: 8388608.
 - enlarge_chunks_in_place: 1.
 - new_chunks_are_fully_committed: 0.
 - uncommit_free_chunks: 1.
 - use_allocation_guard: 0.
 - handle_deallocations: 1.


Internal statistics:

num_allocs_failed_limit: 0.
num_arena_births: 76.
num_arena_deaths: 0.
num_vsnodes_births: 2.
num_vsnodes_deaths: 0.
num_space_committed: 129.
num_space_uncommitted: 0.
num_chunks_returned_to_freelist: 0.
num_chunks_taken_from_freelist: 277.
num_chunk_merges: 0.
num_chunk_splits: 188.
num_chunks_enlarged: 159.
num_inconsistent_stats: 0.

CodeHeap 'non-profiled nmethods': size=120064Kb used=541Kb max_used=541Kb free=119523Kb
 bounds [0x00000136433e0000, 0x0000013643650000, 0x000001364a920000]
CodeHeap 'profiled nmethods': size=120000Kb used=2768Kb max_used=2768Kb free=117231Kb
 bounds [0x000001363b920000, 0x000001363bbe0000, 0x0000013642e50000]
CodeHeap 'non-nmethods': size=5696Kb used=1167Kb max_used=1191Kb free=4528Kb
 bounds [0x0000013642e50000, 0x00000136430c0000, 0x00000136433e0000]
 total_blobs=1811 nmethods=1348 adapters=377
 compilation: enabled
              stopped_count=0, restarted_count=0
 full_count=0

Compilation events (20 events):
Event: 4.613 Thread 0x000001364cb4aeb0 nmethod 1328 0x000001363bbc5210 code [0x000001363bbc53e0, 0x000001363bbc57b8]
Event: 4.662 Thread 0x000001364cb4aeb0 1329       3       java.util.jar.Manifest$FastInputStream::fill (38 bytes)
Event: 4.663 Thread 0x000001364cb4aeb0 nmethod 1329 0x000001363bbc5910 code [0x000001363bbc5ac0, 0x000001363bbc5d08]
Event: 4.681 Thread 0x000001364cb38d40 nmethod 1323% 0x0000013643463290 code [0x00000136434635a0, 0x0000013643465530]
Event: 4.682 Thread 0x000001364cb38d40 1327       4       jdk.internal.ref.CleanerFactory::cleaner (4 bytes)
Event: 4.682 Thread 0x000001364cb38d40 nmethod 1327 0x0000013643466810 code [0x0000013643466980, 0x00000136434669d8]
Event: 4.689 Thread 0x000001364cb4aeb0 1330       3       java.net.URI::getPath (31 bytes)
Event: 4.689 Thread 0x000001364cb4aeb0 nmethod 1330 0x000001363bbc5e10 code [0x000001363bbc5fc0, 0x000001363bbc6248]
Event: 4.689 Thread 0x000001364cb38d40 1331       4       java.lang.String::replace (42 bytes)
Event: 4.705 Thread 0x000001364cb4aeb0 1332       3       java.net.URI::<init> (23 bytes)
Event: 4.706 Thread 0x000001364cb4aeb0 nmethod 1332 0x000001363bbc6310 code [0x000001363bbc64e0, 0x000001363bbc68c8]
Event: 4.707 Thread 0x000001364cb4aeb0 1333       3       java.lang.StringCoding::hasNegatives (25 bytes)
Event: 4.708 Thread 0x000001364cb4aeb0 nmethod 1333 0x000001363bbc6a10 code [0x000001363bbc6bc0, 0x000001363bbc6df8]
Event: 4.708 Thread 0x000001364cb4aeb0 1334       3       java.util.jar.Manifest$FastInputStream::readLine (296 bytes)
Event: 4.710 Thread 0x000001364cb4aeb0 nmethod 1334 0x000001363bbc6f10 code [0x000001363bbc7140, 0x000001363bbc7a48]
Event: 4.716 Thread 0x000001364cb4aeb0 1336  s    3       java.io.ByteArrayInputStream::read (73 bytes)
Event: 4.717 Thread 0x000001364cb4aeb0 nmethod 1336 0x000001363bbc7d90 code [0x000001363bbc7f80, 0x000001363bbc8578]
Event: 4.717 Thread 0x000001364cb4aeb0 1337       3       java.io.File::<init> (196 bytes)
Event: 4.719 Thread 0x000001364cb4aeb0 nmethod 1337 0x000001363bbc8710 code [0x000001363bbc8a20, 0x000001363bbc99c8]
Event: 4.719 Thread 0x000001364cb4aeb0 1338       3       java.io.WinNTFileSystem::fromURIPath (89 bytes)

GC Heap History (8 events):
Event: 0.897 GC heap before
{Heap before GC invocations=0 (full 0):
 garbage-first heap   total 65536K, used 6144K [0x00000000fc000000, 0x0000000100000000)
  region size 1024K, 6 young (6144K), 0 survivors (0K)
 Metaspace       used 1667K, committed 1728K, reserved 1114112K
  class space    used 159K, committed 192K, reserved 1048576K
}
Event: 0.905 GC heap after
{Heap after GC invocations=1 (full 0):
 garbage-first heap   total 65536K, used 1646K [0x00000000fc000000, 0x0000000100000000)
  region size 1024K, 1 young (1024K), 1 survivors (1024K)
 Metaspace       used 1667K, committed 1728K, reserved 1114112K
  class space    used 159K, committed 192K, reserved 1048576K
}
Event: 1.219 GC heap before
{Heap before GC invocations=1 (full 0):
 garbage-first heap   total 65536K, used 5742K [0x00000000fc000000, 0x0000000100000000)
  region size 1024K, 6 young (6144K), 1 survivors (1024K)
 Metaspace       used 1709K, committed 1856K, reserved 1114112K
  class space    used 159K, committed 192K, reserved 1048576K
}
Event: 1.223 GC heap after
{Heap after GC invocations=2 (full 0):
 garbage-first heap   total 65536K, used 1990K [0x00000000fc000000, 0x0000000100000000)
  region size 1024K, 1 young (1024K), 1 survivors (1024K)
 Metaspace       used 1709K, committed 1856K, reserved 1114112K
  class space    used 159K, committed 192K, reserved 1048576K
}
Event: 2.515 GC heap before
{Heap before GC invocations=2 (full 0):
 garbage-first heap   total 65536K, used 17350K [0x00000000fc000000, 0x0000000100000000)
  region size 1024K, 13 young (13312K), 1 survivors (1024K)
 Metaspace       used 3796K, committed 3904K, reserved 1114112K
  class space    used 461K, committed 512K, reserved 1048576K
}
Event: 2.523 GC heap after
{Heap after GC invocations=3 (full 0):
 garbage-first heap   total 65536K, used 10667K [0x00000000fc000000, 0x0000000100000000)
  region size 1024K, 2 young (2048K), 2 survivors (2048K)
 Metaspace       used 3796K, committed 3904K, reserved 1114112K
  class space    used 461K, committed 512K, reserved 1048576K
}
Event: 4.189 GC heap before
{Heap before GC invocations=3 (full 0):
 garbage-first heap   total 65536K, used 25003K [0x00000000fc000000, 0x0000000100000000)
  region size 1024K, 16 young (16384K), 2 survivors (2048K)
 Metaspace       used 7686K, committed 7872K, reserved 1114112K
  class space    used 1037K, committed 1152K, reserved 1048576K
}
Event: 4.198 GC heap after
{Heap after GC invocations=4 (full 0):
 garbage-first heap   total 65536K, used 12380K [0x00000000fc000000, 0x0000000100000000)
  region size 1024K, 2 young (2048K), 2 survivors (2048K)
 Metaspace       used 7686K, committed 7872K, reserved 1114112K
  class space    used 1037K, committed 1152K, reserved 1048576K
}

Dll operation events (10 events):
Event: 0.021 Loaded shared library C:\Program Files\Microsoft\jdk-17.0.9.8-hotspot\bin\java.dll
Event: 0.058 Loaded shared library C:\Program Files\Microsoft\jdk-17.0.9.8-hotspot\bin\jsvml.dll
Event: 0.142 Loaded shared library C:\Program Files\Microsoft\jdk-17.0.9.8-hotspot\bin\net.dll
Event: 0.146 Loaded shared library C:\Program Files\Microsoft\jdk-17.0.9.8-hotspot\bin\nio.dll
Event: 0.154 Loaded shared library C:\Program Files\Microsoft\jdk-17.0.9.8-hotspot\bin\zip.dll
Event: 1.228 Loaded shared library C:\Program Files\Microsoft\jdk-17.0.9.8-hotspot\bin\jimage.dll
Event: 1.536 Loaded shared library C:\Program Files\Microsoft\jdk-17.0.9.8-hotspot\bin\verify.dll
Event: 2.690 Loaded shared library C:\Users\Administrator\.gradle\native\68d5fa5c4cc2d200863cafc0d521ce42e7d3e7ee720ec0a83991735586a16f82\windows-amd64\native-platform.dll
Event: 3.118 Loaded shared library C:\Program Files\Microsoft\jdk-17.0.9.8-hotspot\bin\management.dll
Event: 3.126 Loaded shared library C:\Program Files\Microsoft\jdk-17.0.9.8-hotspot\bin\management_ext.dll

Deoptimization events (20 events):
Event: 4.253 Thread 0x0000013633e014d0 Uncommon trap: trap_request=0xffffff45 fr.pc=0x000001364343b29c relative=0x00000000000010dc
Event: 4.253 Thread 0x0000013633e014d0 Uncommon trap: reason=unstable_if action=reinterpret pc=0x000001364343b29c method=java.util.concurrent.ConcurrentHashMap.putVal(Ljava/lang/Object;Ljava/lang/Object;Z)Ljava/lang/Object; @ 256 c2
Event: 4.253 Thread 0x0000013633e014d0 DEOPT PACKING pc=0x000001364343b29c sp=0x000000347ddfbcd0
Event: 4.253 Thread 0x0000013633e014d0 DEOPT UNPACKING pc=0x0000013642ea69a3 sp=0x000000347ddfbc38 mode 2
Event: 4.464 Thread 0x0000013633e014d0 DEOPT PACKING pc=0x000001363ba4675c sp=0x000000347ddfbf50
Event: 4.464 Thread 0x0000013633e014d0 DEOPT UNPACKING pc=0x0000013642ea7143 sp=0x000000347ddfb400 mode 0
Event: 4.499 Thread 0x0000013633e014d0 DEOPT PACKING pc=0x000001363b9e21c7 sp=0x000000347ddfc2d0
Event: 4.499 Thread 0x0000013633e014d0 DEOPT UNPACKING pc=0x0000013642ea7143 sp=0x000000347ddfb798 mode 0
Event: 4.510 Thread 0x0000013633e014d0 DEOPT PACKING pc=0x000001363b9ea789 sp=0x000000347ddfc200
Event: 4.510 Thread 0x0000013633e014d0 DEOPT UNPACKING pc=0x0000013642ea7143 sp=0x000000347ddfb6f8 mode 0
Event: 4.707 Thread 0x0000013633e014d0 Uncommon trap: trap_request=0xffffff45 fr.pc=0x00000136434173a8 relative=0x0000000000000128
Event: 4.707 Thread 0x0000013633e014d0 Uncommon trap: reason=unstable_if action=reinterpret pc=0x00000136434173a8 method=java.lang.StringCoding.hasNegatives([BII)Z @ 12 c2
Event: 4.707 Thread 0x0000013633e014d0 DEOPT PACKING pc=0x00000136434173a8 sp=0x000000347ddfbd70
Event: 4.707 Thread 0x0000013633e014d0 DEOPT UNPACKING pc=0x0000013642ea69a3 sp=0x000000347ddfbd00 mode 2
Event: 4.707 Thread 0x0000013633e014d0 Uncommon trap: trap_request=0xffffff45 fr.pc=0x000001364345f868 relative=0x00000000000003c8
Event: 4.707 Thread 0x0000013633e014d0 Uncommon trap: reason=unstable_if action=reinterpret pc=0x000001364345f868 method=java.util.jar.Manifest$FastInputStream.readLine([BII)I @ 90 c2
Event: 4.707 Thread 0x0000013633e014d0 DEOPT PACKING pc=0x000001364345f868 sp=0x000000347ddfbef0
Event: 4.707 Thread 0x0000013633e014d0 DEOPT UNPACKING pc=0x0000013642ea69a3 sp=0x000000347ddfbe80 mode 2
Event: 4.711 Thread 0x0000013633e014d0 DEOPT PACKING pc=0x000001363baaef08 sp=0x000000347ddfc020
Event: 4.711 Thread 0x0000013633e014d0 DEOPT UNPACKING pc=0x0000013642ea7143 sp=0x000000347ddfb528 mode 0

Classes unloaded (0 events):
No events

Classes redefined (0 events):
No events

Internal exceptions (19 events):
Event: 0.528 Thread 0x0000013633e014d0 Exception <a 'java/lang/NoSuchMethodError'{0x00000000ffc22c70}: 'int java.lang.invoke.DirectMethodHandle$Holder.invokeStaticInit(java.lang.Object, java.lang.Object)'> (0x00000000ffc22c70) 
thrown [s\src\hotspot\share\interpreter\linkResolver.cpp, line 759]
Event: 2.443 Thread 0x0000013633e014d0 Exception <a 'java/lang/NoSuchMethodError'{0x00000000ff3488a0}: 'void java.lang.invoke.DirectMethodHandle$Holder.invokeStatic(java.lang.Object, java.lang.Object)'> (0x00000000ff3488a0) 
thrown [s\src\hotspot\share\interpreter\linkResolver.cpp, line 759]
Event: 2.495 Thread 0x0000013633e014d0 Exception <a 'java/lang/NoClassDefFoundError'{0x00000000ff3cd170}: org/slf4j/impl/StaticMarkerBinder> (0x00000000ff3cd170) 
thrown [s\src\hotspot\share\classfile\systemDictionary.cpp, line 245]
Event: 2.579 Thread 0x0000013633e014d0 Exception <a 'java/lang/NoSuchMethodError'{0x00000000fff6ed48}: 'java.lang.Object java.lang.invoke.DirectMethodHandle$Holder.invokeVirtual(java.lang.Object, java.lang.Object, java.lang.Object, java.lang.Object, java.lang.Object, java.lang.Object, java.lang.Object)'> (0x00000000fff6ed48) 
thrown [s\src\hotspot\share\interpreter\linkResolver.cpp, line 759]
Event: 2.595 Thread 0x0000013633e014d0 Exception <a 'java/lang/NoSuchMethodError'{0x00000000fff80388}: 'java.lang.Object java.lang.invoke.Invokers$Holder.invoker(java.lang.Object, java.lang.Object, java.lang.Object)'> (0x00000000fff80388) 
thrown [s\src\hotspot\share\interpreter\linkResolver.cpp, line 759]
Event: 2.600 Thread 0x0000013633e014d0 Exception <a 'java/lang/NoSuchMethodError'{0x00000000fff89560}: 'java.lang.Object java.lang.invoke.DirectMethodHandle$Holder.invokeStatic(java.lang.Object, java.lang.Object, int)'> (0x00000000fff89560) 
thrown [s\src\hotspot\share\interpreter\linkResolver.cpp, line 759]
Event: 2.610 Thread 0x0000013633e014d0 Exception <a 'java/lang/NoSuchMethodError'{0x00000000fffa4798}: 'void java.lang.invoke.DelegatingMethodHandle$Holder.delegate(java.lang.Object, java.lang.Object, int, java.lang.Object)'> (0x00000000fffa4798) 
thrown [s\src\hotspot\share\interpreter\linkResolver.cpp, line 759]
Event: 2.613 Thread 0x0000013633e014d0 Exception <a 'java/lang/NoSuchMethodError'{0x00000000fffa8960}: 'int java.lang.invoke.DirectMethodHandle$Holder.invokeSpecial(java.lang.Object, java.lang.Object, java.lang.Object)'> (0x00000000fffa8960) 
thrown [s\src\hotspot\share\interpreter\linkResolver.cpp, line 759]
Event: 2.625 Thread 0x0000013633e014d0 Exception <a 'java/lang/NoSuchMethodError'{0x00000000fffbbaa8}: 'java.lang.Object java.lang.invoke.Invokers$Holder.invokeExact_MT(java.lang.Object, java.lang.Object, java.lang.Object, java.lang.Object)'> (0x00000000fffbbaa8) 
thrown [s\src\hotspot\share\interpreter\linkResolver.cpp, line 759]
Event: 3.032 Thread 0x0000013633e014d0 Exception <a 'java/lang/NoSuchMethodError'{0x00000000ff900410}: 'void java.lang.invoke.DirectMethodHandle$Holder.invokeSpecial(java.lang.Object, java.lang.Object, java.lang.Object)'> (0x00000000ff900410) 
thrown [s\src\hotspot\share\interpreter\linkResolver.cpp, line 759]
Event: 3.058 Thread 0x0000013633e014d0 Implicit null exception at 0x0000013643438d0a to 0x0000013643439248
Event: 3.058 Thread 0x0000013633e014d0 Implicit null exception at 0x000001364341e40f to 0x000001364341e950
Event: 3.113 Thread 0x0000013633e014d0 Exception <a 'java/lang/NoSuchMethodError'{0x00000000ff850560}: 'java.lang.Object java.lang.invoke.DirectMethodHandle$Holder.invokeStaticInit(java.lang.Object)'> (0x00000000ff850560) 
thrown [s\src\hotspot\share\interpreter\linkResolver.cpp, line 759]
Event: 3.435 Thread 0x0000013633e014d0 Exception <a 'java/lang/NoSuchMethodError'{0x00000000ff40a9e0}: 'java.lang.Object java.lang.invoke.DirectMethodHandle$Holder.invokeStaticInit(java.lang.Object, int, int, int, int)'> (0x00000000ff40a9e0) 
thrown [s\src\hotspot\share\interpreter\linkResolver.cpp, line 759]
Event: 3.515 Thread 0x0000013633e014d0 Exception <a 'java/lang/NoSuchMethodError'{0x00000000ff44bb08}: 'java.lang.Object java.lang.invoke.DirectMethodHandle$Holder.invokeStaticInit(java.lang.Object, java.lang.Object, int, int, int, int)'> (0x00000000ff44bb08) 
thrown [s\src\hotspot\share\interpreter\linkResolver.cpp, line 759]
Event: 3.827 Thread 0x0000013633e014d0 Exception <a 'java/lang/NoSuchMethodError'{0x00000000ff479de8}: 'void java.lang.invoke.DirectMethodHandle$Holder.invokeStatic(java.lang.Object, java.lang.Object, java.lang.Object)'> (0x00000000ff479de8) 
thrown [s\src\hotspot\share\interpreter\linkResolver.cpp, line 759]
Event: 3.880 Thread 0x0000013633e014d0 Implicit null exception at 0x0000013643414472 to 0x0000013643414a50
Event: 3.882 Thread 0x0000013633e014d0 Implicit null exception at 0x000001364341f4f2 to 0x000001364341fac8
Event: 3.926 Thread 0x0000013633e014d0 Exception <a 'java/net/ConnectException'{0x00000000ff341bd8}: Connection refused: no further information> (0x00000000ff341bd8) 
thrown [s\src\hotspot\share\prims\jni.cpp, line 535]

VM Operations (20 events):
Event: 2.488 Executing VM operation: HandshakeAllThreads
Event: 2.488 Executing VM operation: HandshakeAllThreads done
Event: 2.488 Executing VM operation: Cleanup
Event: 2.489 Executing VM operation: Cleanup done
Event: 2.489 Executing VM operation: HandshakeAllThreads
Event: 2.489 Executing VM operation: HandshakeAllThreads done
Event: 2.515 Executing VM operation: G1CollectForAllocation
Event: 2.523 Executing VM operation: G1CollectForAllocation done
Event: 2.600 Executing VM operation: HandshakeAllThreads
Event: 2.600 Executing VM operation: HandshakeAllThreads done
Event: 3.288 Executing VM operation: HandshakeAllThreads
Event: 3.288 Executing VM operation: HandshakeAllThreads done
Event: 3.498 Executing VM operation: HandshakeAllThreads
Event: 3.498 Executing VM operation: HandshakeAllThreads done
Event: 3.977 Executing VM operation: HandshakeAllThreads
Event: 3.977 Executing VM operation: HandshakeAllThreads done
Event: 3.977 Executing VM operation: Cleanup
Event: 3.977 Executing VM operation: Cleanup done
Event: 4.189 Executing VM operation: G1CollectForAllocation
Event: 4.198 Executing VM operation: G1CollectForAllocation done

Events (20 events):
Event: 4.235 loading class sun/util/resources/cldr/TimeZoneNames_en_US
Event: 4.235 loading class sun/util/resources/cldr/TimeZoneNames_en_US done
Event: 4.238 loading class java/time/zone/ZoneRulesProvider
Event: 4.239 loading class java/time/zone/ZoneRulesProvider done
Event: 4.239 loading class java/time/zone/ZoneRulesProvider$1
Event: 4.240 loading class java/time/zone/ZoneRulesProvider$1 done
Event: 4.240 loading class java/time/zone/TzdbZoneRulesProvider
Event: 4.240 loading class java/time/zone/TzdbZoneRulesProvider done
Event: 4.246 loading class java/time/zone/Ser
Event: 4.247 loading class java/io/Externalizable
Event: 4.247 loading class java/io/Externalizable done
Event: 4.247 loading class java/time/zone/Ser done
Event: 4.249 loading class java/time/zone/ZoneOffsetTransition
Event: 4.250 loading class java/time/zone/ZoneOffsetTransition done
Event: 4.254 loading class sun/util/cldr/CLDRBaseLocaleDataMetaInfo$TZCanonicalIDMapHolder
Event: 4.255 loading class sun/util/cldr/CLDRBaseLocaleDataMetaInfo$TZCanonicalIDMapHolder done
Event: 4.260 loading class sun/util/resources/TimeZoneNames
Event: 4.261 loading class sun/util/resources/TimeZoneNames done
Event: 4.262 loading class sun/util/resources/TimeZoneNames_en
Event: 4.262 loading class sun/util/resources/TimeZoneNames_en done


Dynamic libraries:
0x00007ff650ae0000 - 0x00007ff650aee000 	C:\Program Files\Microsoft\jdk-17.0.9.8-hotspot\bin\java.exe
0x00007ffa8e210000 - 0x00007ffa8e3f0000 	C:\Windows\SYSTEM32\ntdll.dll
0x00007ffa8c7f0000 - 0x00007ffa8c89e000 	C:\Windows\System32\KERNEL32.DLL
0x00007ffa8a610000 - 0x00007ffa8a876000 	C:\Windows\System32\KERNELBASE.dll
0x00007ffa8aa50000 - 0x00007ffa8ab44000 	C:\Windows\System32\ucrtbase.dll
0x00007ffa5e350000 - 0x00007ffa5e367000 	C:\Program Files\Microsoft\jdk-17.0.9.8-hotspot\bin\jli.dll
0x00007ffa5c560000 - 0x00007ffa5c57b000 	C:\Program Files\Microsoft\jdk-17.0.9.8-hotspot\bin\VCRUNTIME140.dll
0x00007ffa8cba0000 - 0x00007ffa8cd2f000 	C:\Windows\System32\USER32.dll
0x00007ffa8ac40000 - 0x00007ffa8ac60000 	C:\Windows\System32\win32u.dll
0x00007ffa8c4b0000 - 0x00007ffa8c4d8000 	C:\Windows\System32\GDI32.dll
0x00007ffa7d0d0000 - 0x00007ffa7d339000 	C:\Windows\WinSxS\amd64_microsoft.windows.common-controls_6595b64144ccf1df_6.0.16299.1087_none_0f9074b65a6589b7\COMCTL32.dll
0x00007ffa8b540000 - 0x00007ffa8b6d3000 	C:\Windows\System32\gdi32full.dll
0x00007ffa8be60000 - 0x00007ffa8befd000 	C:\Windows\System32\msvcrt.dll
0x00007ffa8ab50000 - 0x00007ffa8abeb000 	C:\Windows\System32\msvcp_win.dll
0x00007ffa8c130000 - 0x00007ffa8c436000 	C:\Windows\System32\combase.dll
0x00007ffa8ca80000 - 0x00007ffa8cb9f000 	C:\Windows\System32\RPCRT4.dll
0x00007ffa8ac60000 - 0x00007ffa8acd2000 	C:\Windows\System32\bcryptPrimitives.dll
0x00007ffa8b8d0000 - 0x00007ffa8b8fd000 	C:\Windows\System32\IMM32.DLL
0x00007ffa6fde0000 - 0x00007ffa6fdec000 	C:\Program Files\Microsoft\jdk-17.0.9.8-hotspot\bin\vcruntime140_1.dll
0x00007ffa5c4d0000 - 0x00007ffa5c55d000 	C:\Program Files\Microsoft\jdk-17.0.9.8-hotspot\bin\msvcp140.dll
0x00007ffa5b860000 - 0x00007ffa5c4c3000 	C:\Program Files\Microsoft\jdk-17.0.9.8-hotspot\bin\server\jvm.dll
0x00007ffa8bdb0000 - 0x00007ffa8be51000 	C:\Windows\System32\ADVAPI32.dll
0x00007ffa8bd50000 - 0x00007ffa8bdab000 	C:\Windows\System32\sechost.dll
0x00007ffa8a5c0000 - 0x00007ffa8a60c000 	C:\Windows\System32\POWRPROF.dll
0x00007ffa6ee40000 - 0x00007ffa6ee49000 	C:\Windows\SYSTEM32\WSOCK32.dll
0x00007ffa888f0000 - 0x00007ffa88913000 	C:\Windows\SYSTEM32\WINMM.dll
0x00007ffa8bf20000 - 0x00007ffa8bf8c000 	C:\Windows\System32\WS2_32.dll
0x00007ffa888c0000 - 0x00007ffa888ea000 	C:\Windows\SYSTEM32\WINMMBASE.dll
0x00007ffa84a00000 - 0x00007ffa84a0a000 	C:\Windows\SYSTEM32\VERSION.dll
0x00007ffa8abf0000 - 0x00007ffa8ac3a000 	C:\Windows\System32\cfgmgr32.dll
0x00007ffa8a580000 - 0x00007ffa8a591000 	C:\Windows\System32\kernel.appcore.dll
0x00007ffa67380000 - 0x00007ffa6738a000 	C:\Program Files\Microsoft\jdk-17.0.9.8-hotspot\bin\jimage.dll
0x00007ffa788d0000 - 0x00007ffa78a98000 	C:\Windows\SYSTEM32\DBGHELP.DLL
0x00007ffa78870000 - 0x00007ffa78899000 	C:\Windows\SYSTEM32\dbgcore.DLL
0x00007ffa5b830000 - 0x00007ffa5b855000 	C:\Program Files\Microsoft\jdk-17.0.9.8-hotspot\bin\java.dll
0x00007ffa5b750000 - 0x00007ffa5b827000 	C:\Program Files\Microsoft\jdk-17.0.9.8-hotspot\bin\jsvml.dll
0x00007ffa8cda0000 - 0x00007ffa8e1d8000 	C:\Windows\System32\SHELL32.dll
0x00007ffa8c740000 - 0x00007ffa8c7e6000 	C:\Windows\System32\shcore.dll
0x00007ffa8ace0000 - 0x00007ffa8b427000 	C:\Windows\System32\windows.storage.dll
0x00007ffa8c440000 - 0x00007ffa8c491000 	C:\Windows\System32\shlwapi.dll
0x00007ffa8a5a0000 - 0x00007ffa8a5bb000 	C:\Windows\System32\profapi.dll
0x00007ffa5b730000 - 0x00007ffa5b749000 	C:\Program Files\Microsoft\jdk-17.0.9.8-hotspot\bin\net.dll
0x00007ffa80210000 - 0x00007ffa802ee000 	C:\Windows\SYSTEM32\WINHTTP.dll
0x00007ffa89df0000 - 0x00007ffa89e56000 	C:\Windows\system32\mswsock.dll
0x00007ffa5b710000 - 0x00007ffa5b726000 	C:\Program Files\Microsoft\jdk-17.0.9.8-hotspot\bin\nio.dll
0x00007ffa5b6f0000 - 0x00007ffa5b708000 	C:\Program Files\Microsoft\jdk-17.0.9.8-hotspot\bin\zip.dll
0x00007ffa66f20000 - 0x00007ffa66f30000 	C:\Program Files\Microsoft\jdk-17.0.9.8-hotspot\bin\verify.dll
0x00007ffa5b6c0000 - 0x00007ffa5b6e7000 	C:\Users\Administrator\.gradle\native\68d5fa5c4cc2d200863cafc0d521ce42e7d3e7ee720ec0a83991735586a16f82\windows-amd64\native-platform.dll
0x00007ffa660c0000 - 0x00007ffa660c9000 	C:\Program Files\Microsoft\jdk-17.0.9.8-hotspot\bin\management.dll
0x00007ffa65250000 - 0x00007ffa6525b000 	C:\Program Files\Microsoft\jdk-17.0.9.8-hotspot\bin\management_ext.dll
0x00007ffa8c650000 - 0x00007ffa8c658000 	C:\Windows\System32\PSAPI.DLL
0x00007ffa89fb0000 - 0x00007ffa89fc7000 	C:\Windows\SYSTEM32\CRYPTSP.dll
0x00007ffa899f0000 - 0x00007ffa89a23000 	C:\Windows\system32\rsaenh.dll
0x00007ffa8a0c0000 - 0x00007ffa8a0e5000 	C:\Windows\SYSTEM32\bcrypt.dll
0x00007ffa8a460000 - 0x00007ffa8a489000 	C:\Windows\SYSTEM32\USERENV.dll
0x00007ffa89fd0000 - 0x00007ffa89fdb000 	C:\Windows\SYSTEM32\CRYPTBASE.dll
0x00007ffa89b80000 - 0x00007ffa89bb9000 	C:\Windows\SYSTEM32\IPHLPAPI.DLL
0x00007ffa8c4a0000 - 0x00007ffa8c4a8000 	C:\Windows\System32\NSI.dll
0x00007ffa855d0000 - 0x00007ffa855e6000 	C:\Windows\SYSTEM32\dhcpcsvc6.DLL
0x00007ffa85580000 - 0x00007ffa8559a000 	C:\Windows\SYSTEM32\dhcpcsvc.DLL

dbghelp: loaded successfully - version: 4.0.5 - missing functions: none
symbol engine: initialized successfully - sym options: 0x614 - pdb path: .;C:\Program Files\Microsoft\jdk-17.0.9.8-hotspot\bin;C:\Windows\SYSTEM32;C:\Windows\WinSxS\amd64_microsoft.windows.common-controls_6595b64144ccf1df_6.0.16299.1087_none_0f9074b65a6589b7;C:\Program Files\Microsoft\jdk-17.0.9.8-hotspot\bin\server;C:\Users\Administrator\.gradle\native\68d5fa5c4cc2d200863cafc0d521ce42e7d3e7ee720ec0a83991735586a16f82\windows-amd64

VM Arguments:
jvm_args: -Xmx64m -Xms64m -Dorg.gradle.appname=gradlew 
java_command: org.gradle.wrapper.GradleWrapperMain app:installDebug -PreactNativeDevServerPort=8081
java_class_path (initial): C:\Users\Administrator\AwesomeProject\android\\gradle\wrapper\gradle-wrapper.jar
Launcher Type: SUN_STANDARD

[Global flags]
     intx CICompilerCount                          = 2                                         {product} {ergonomic}
     uint ConcGCThreads                            = 1                                         {product} {ergonomic}
     uint G1ConcRefinementThreads                  = 2                                         {product} {ergonomic}
   size_t G1HeapRegionSize                         = 1048576                                   {product} {ergonomic}
    uintx GCDrainStackTargetSize                   = 64                                        {product} {ergonomic}
   size_t InitialHeapSize                          = 67108864                                  {product} {command line}
   size_t MarkStackSize                            = 4194304                                   {product} {ergonomic}
   size_t MaxHeapSize                              = 67108864                                  {product} {command line}
   size_t MaxNewSize                               = 39845888                                  {product} {ergonomic}
   size_t MinHeapDeltaBytes                        = 1048576                                   {product} {ergonomic}
   size_t MinHeapSize                              = 67108864                                  {product} {command line}
    uintx NonNMethodCodeHeapSize                   = 5826188                                {pd product} {ergonomic}
    uintx NonProfiledCodeHeapSize                  = 122916026                              {pd product} {ergonomic}
    uintx ProfiledCodeHeapSize                     = 122916026                              {pd product} {ergonomic}
    uintx ReservedCodeCacheSize                    = 251658240                              {pd product} {ergonomic}
     bool SegmentedCodeCache                       = true                                      {product} {ergonomic}
   size_t SoftMaxHeapSize                          = 67108864                               {manageable} {ergonomic}
     bool UseCompressedClassPointers               = true                           {product lp64_product} {ergonomic}
     bool UseCompressedOops                        = true                           {product lp64_product} {ergonomic}
     bool UseG1GC                                  = true                                      {product} {ergonomic}
     bool UseLargePagesIndividualAllocation        = false                                  {pd product} {ergonomic}

Logging:
Log output configuration:
 #0: stdout all=warning uptime,level,tags
 #1: stderr all=off uptime,level,tags

Environment Variables:
CLASSPATH=C:\Users\Administrator\AwesomeProject\android\\gradle\wrapper\gradle-wrapper.jar
PATH=C:\Users\Administrator\AwesomeProject\node_modules\.bin;C:\Users\Administrator\AwesomeProject\node_modules\.bin;C:\Users\Administrator\node_modules\.bin;C:\Users\node_modules\.bin;C:\node_modules\.bin;C:\Users\Administrator\AppData\Roaming\npm\node_modules\npm\node_modules\@npmcli\run-script\lib\node-gyp-bin;C:\Users\Administrator\AwesomeProject\node_modules\.bin;C:\Users\Administrator\node_modules\.bin;C:\Users\node_modules\.bin;C:\node_modules\.bin;C:\Users\Administrator\AppData\Roaming\npm\node_modules\npm\node_modules\@npmcli\run-script\lib\node-gyp-bin;C:\Program Files\Microsoft\jdk-17.0.9.8-hotspot\bin;C:\oraclexe\app\oracle\product\10.2.0\server\bin;C:\Program Files (x86)\Common Files\Intel\Shared Libraries\redist\intel64\compiler;C:\Windows\system32;C:\Windows;C:\Windows\System32\Wbem;C:\Windows\System32\WindowsPowerShell\v1.0\;C:\Program Files\Git\cmd;C:\Program Files\nodejs\;C:\Program Files\dotnet\;C:\Users\Administrator\AppData\Local\Microsoft\WindowsApps;C:\Users\Administrator\AppData\Local\Programs\Microsoft VS Code\bin;C:\Users\Administrator\AppData\Local\Android\Sdk\platform-tools;
USERNAME=Administrator
OS=Windows_NT
PROCESSOR_IDENTIFIER=AMD64 Family 21 Model 112 Stepping 0, AuthenticAMD
TMP=C:\Users\ADMINI~1\AppData\Local\Temp
TEMP=C:\Users\ADMINI~1\AppData\Local\Temp



Periodic native trim disabled


---------------  S Y S T E M  ---------------

OS:
 Windows 10 , 64 bit Build 16299 (10.0.16299.1087)
OS uptime: 0 days 0:03 hours

CPU: total 2 (initial active 2) (2 cores per cpu, 1 threads per core) family 21 model 112 stepping 0 microcode 0x6006705, cx8, cmov, fxsr, mmx, 3dnowpref, sse, sse2, sse3, ssse3, sse4a, sse4.1, sse4.2, popcnt, lzcnt, tsc, tscinvbit, avx, avx2, aes, clmul, bmi1, bmi2, fma, vzeroupper, clflush
Processor Information for all 2 processors :
  Max Mhz: 3100, Current Mhz: 3100, Mhz Limit: 3100

Memory: 4k page, system-wide physical 7632M (4339M free)
TotalPageFile size 8848M (AvailPageFile size 4418M)
current process WorkingSet (physical memory assigned to process): 90M, peak: 90M
current process commit charge ("private bytes"): 158M, peak: 158M

vm_info: OpenJDK 64-Bit Server VM (17.0.9+8-LTS) for windows-amd64 JRE (17.0.9+8-LTS), built on Oct 17 2023 23:00:06 by "MicrosoftCorporation" with MS VC++ 16.10 / 16.11 (VS2019)

END.
